<?xml version="1.0" encoding="UTF-8"?>
<robot generator="Robot 4.1 (Python 3.8.10 on darwin)" generated="20220914 19:49:48.896" rpa="false" schemaversion="2">
<suite id="s1" name="GoogleSearch" source="/Users/koushikdey/Desktop/Taitotalo Python/lectures/test-robot/Tests/Google/FunctionalTestSuite /GoogleSearch.robot">
<test id="s1-t1" name="This is sample test case">
<status status="FAIL" starttime="20220914 19:49:48.927" endtime="20220914 19:49:48.928">Test case contains no keywords.</status>
</test>
<status status="FAIL" starttime="20220914 19:49:48.898" endtime="20220914 19:49:48.929"/>
</suite>
<statistics>
<total>
<stat pass="0" fail="1" skip="0">All Tests</stat>
</total>
<tag>
</tag>
<suite>
<stat pass="0" fail="1" skip="0" id="s1" name="GoogleSearch">GoogleSearch</stat>
</suite>
</statistics>
<errors>
<msg timestamp="20220914 19:49:48.927" level="ERROR">Error in file '/Users/koushikdey/Desktop/Taitotalo Python/lectures/test-robot/Tests/Google/FunctionalTestSuite /GoogleSearch.robot' on line 2: Importing library 'SeleniumLibrary' failed: ModuleNotFoundError: No module named 'SeleniumLibrary'
Traceback (most recent call last):
  None
PYTHONPATH:
  /Users/koushikdey/.vscode/extensions/robocorp.robotframework-lsp-1.1.3/src/robotframework_debug_adapter
  /Users/koushikdey/Desktop/Taitotalo Python/lectures/test-robot
  /Users/koushikdey/.vscode/extensions/robocorp.robotframework-lsp-1.1.3/src
  /Users/koushikdey/.vscode/extensions/robocorp.robotframework-lsp-1.1.3/src/robotframework_ls/vendored
  /Users/Shared/robocorp/ht/e27f321_b1f3c24_0041a488/lib/python38.zip
  /Users/Shared/robocorp/ht/e27f321_b1f3c24_0041a488/lib/python3.8
  /Users/Shared/robocorp/ht/e27f321_b1f3c24_0041a488/lib/python3.8/lib-dynload
  /Users/Shared/robocorp/ht/e27f321_b1f3c24_0041a488/lib/python3.8/site-packages</msg>
<msg timestamp="20220914 19:49:48.927" level="ERROR">Error in file '/Users/koushikdey/Desktop/Taitotalo Python/lectures/test-robot/Tests/Google/FunctionalTestSuite /GoogleSearch.robot' on line 3: Resource setting requires value.</msg>
</errors>
</robot>
